[0505/135920.960:ERROR:crash_report_database_win.cc(469)] failed to stat report
[0505/135920.962:ERROR:crash_report_database_win.cc(469)] failed to stat report
[0505/135920.962:ERROR:crash_report_database_win.cc(469)] failed to stat report
[0505/135920.963:ERROR:crash_report_database_win.cc(469)] failed to stat report
[0505/135920.963:ERROR:crash_report_database_win.cc(469)] failed to stat report
[0505/135920.963:ERROR:crash_report_database_win.cc(469)] failed to stat report
[0505/135920.964:ERROR:crash_report_database_win.cc(469)] failed to stat report
[0505/135920.964:ERROR:crash_report_database_win.cc(469)] failed to stat report
[0505/135920.965:ERROR:crash_report_database_win.cc(469)] failed to stat report
[0505/135920.965:ERROR:crash_report_database_win.cc(469)] failed to stat report
[0505/135920.966:ERROR:crash_report_database_win.cc(469)] failed to stat report
[0505/151009.689:ERROR:crash_report_database_win.cc(469)] failed to stat report
[0505/151009.720:ERROR:crash_report_database_win.cc(469)] failed to stat report
[0505/151009.720:ERROR:crash_report_database_win.cc(469)] failed to stat report
[0505/151009.720:ERROR:crash_report_database_win.cc(469)] failed to stat report
[0505/151009.720:ERROR:crash_report_database_win.cc(469)] failed to stat report
[0505/151009.720:ERROR:crash_report_database_win.cc(469)] failed to stat report
[0505/151009.720:ERROR:crash_report_database_win.cc(469)] failed to stat report
[0505/151009.720:ERROR:crash_report_database_win.cc(469)] failed to stat report
[0505/151009.720:ERROR:crash_report_database_win.cc(469)] failed to stat report
[0505/151009.720:ERROR:crash_report_database_win.cc(469)] failed to stat report
[0505/151009.720:ERROR:crash_report_database_win.cc(469)] failed to stat report
[0505/152149.974:ERROR:crash_report_database_win.cc(469)] failed to stat report
[0505/152149.974:ERROR:crash_report_database_win.cc(469)] failed to stat report
[0505/152149.974:ERROR:crash_report_database_win.cc(469)] failed to stat report
[0505/152149.974:ERROR:crash_report_database_win.cc(469)] failed to stat report
[0505/152149.974:ERROR:crash_report_database_win.cc(469)] failed to stat report
[0505/152149.974:ERROR:crash_report_database_win.cc(469)] failed to stat report
[0505/152149.974:ERROR:crash_report_database_win.cc(469)] failed to stat report
[0505/152149.974:ERROR:crash_report_database_win.cc(469)] failed to stat report
[0505/152149.974:ERROR:crash_report_database_win.cc(469)] failed to stat report
[0505/152149.974:ERROR:crash_report_database_win.cc(469)] failed to stat report
[0505/152149.974:ERROR:crash_report_database_win.cc(469)] failed to stat report
[0508/070602.606:ERROR:process_reader_win.cc(151)] SuspendThread: Access is denied. (0x5)
[0508/070602.661:ERROR:process_reader_win.cc(151)] SuspendThread: Access is denied. (0x5)
[0508/070602.661:ERROR:process_reader_win.cc(151)] SuspendThread: Access is denied. (0x5)
[0508/070602.661:ERROR:process_reader_win.cc(151)] SuspendThread: Access is denied. (0x5)
[0508/070602.661:ERROR:process_reader_win.cc(151)] SuspendThread: Access is denied. (0x5)
[0508/070602.614:ERROR:process_reader_win.cc(123)] NtOpenThread: {Access Denied} A process has requested access to an object, but has not been granted those access rights. (0xc0000022)
[0508/070602.661:ERROR:process_reader_win.cc(123)] NtOpenThread: {Access Denied} A process has requested access to an object, but has not been granted those access rights. (0xc0000022)
[0508/070602.608:ERROR:process_reader_win.cc(123)] NtOpenThread: {Access Denied} A process has requested access to an object, but has not been granted those access rights. (0xc0000022)
[0508/070602.676:ERROR:exception_snapshot_win.cc(98)] thread ID 9364 not found in process
[0508/070602.676:ERROR:exception_snapshot_win.cc(98)] thread ID 7552 not found in process
[0508/070602.676:ERROR:exception_snapshot_win.cc(98)] thread ID 10964 not found in process
[0508/070602.739:ERROR:process_info.cc(329)] VirtualQueryEx: Access is denied. (0x5)
[0508/070602.739:ERROR:process_info.cc(556)] ReadMemoryInfo failed
[0508/070602.739:ERROR:process_memory_win.cc(39)] Failed to initialize ProcessInfo.
[0508/070602.739:ERROR:scoped_process_suspend.cc(40)] NtResumeProcess: An attempt was made to access an exiting process. (0xc000010a)
[0602/030714.663:ERROR:crash_report_database_win.cc(469)] failed to stat report
[0602/030714.823:ERROR:crash_report_database_win.cc(469)] failed to stat report
[0602/030714.823:ERROR:crash_report_database_win.cc(469)] failed to stat report
[0602/030714.823:ERROR:crash_report_database_win.cc(469)] failed to stat report
[0602/030714.824:ERROR:crash_report_database_win.cc(469)] failed to stat report
[0602/030714.824:ERROR:crash_report_database_win.cc(469)] failed to stat report
[0602/030714.824:ERROR:crash_report_database_win.cc(469)] failed to stat report
[0602/030714.825:ERROR:crash_report_database_win.cc(469)] failed to stat report
[0602/030714.825:ERROR:crash_report_database_win.cc(469)] failed to stat report
[0602/030714.825:ERROR:crash_report_database_win.cc(469)] failed to stat report
[0602/030714.826:ERROR:crash_report_database_win.cc(469)] failed to stat report
[0602/030714.826:ERROR:crash_report_database_win.cc(469)] failed to stat report
[0602/041014.076:ERROR:crash_report_database_win.cc(469)] failed to stat report
[0602/041014.472:ERROR:crash_report_database_win.cc(469)] failed to stat report
[0602/041014.473:ERROR:crash_report_database_win.cc(469)] failed to stat report
[0602/041014.473:ERROR:crash_report_database_win.cc(469)] failed to stat report
[0602/041014.474:ERROR:crash_report_database_win.cc(469)] failed to stat report
[0602/041014.475:ERROR:crash_report_database_win.cc(469)] failed to stat report
[0602/041014.475:ERROR:crash_report_database_win.cc(469)] failed to stat report
[0602/041014.476:ERROR:crash_report_database_win.cc(469)] failed to stat report
[0602/041014.476:ERROR:crash_report_database_win.cc(469)] failed to stat report
[0602/041014.476:ERROR:crash_report_database_win.cc(469)] failed to stat report
[0602/041014.477:ERROR:crash_report_database_win.cc(469)] failed to stat report
[0602/041014.477:ERROR:crash_report_database_win.cc(469)] failed to stat report
[0602/145903.472:ERROR:crash_report_database_win.cc(469)] failed to stat report
[0602/145903.525:ERROR:crash_report_database_win.cc(469)] failed to stat report
[0602/145903.525:ERROR:crash_report_database_win.cc(469)] failed to stat report
[0602/145903.525:ERROR:crash_report_database_win.cc(469)] failed to stat report
[0602/145903.526:ERROR:crash_report_database_win.cc(469)] failed to stat report
[0602/145903.526:ERROR:crash_report_database_win.cc(469)] failed to stat report
[0602/145903.526:ERROR:crash_report_database_win.cc(469)] failed to stat report
[0602/145903.527:ERROR:crash_report_database_win.cc(469)] failed to stat report
[0602/145903.527:ERROR:crash_report_database_win.cc(469)] failed to stat report
[0602/145903.527:ERROR:crash_report_database_win.cc(469)] failed to stat report
[0602/145903.528:ERROR:crash_report_database_win.cc(469)] failed to stat report
[0602/145903.528:ERROR:crash_report_database_win.cc(469)] failed to stat report
[0603/015959.308:ERROR:crash_report_database_win.cc(469)] failed to stat report
[0603/015959.398:ERROR:crash_report_database_win.cc(469)] failed to stat report
[0603/015959.398:ERROR:crash_report_database_win.cc(469)] failed to stat report
[0603/015959.399:ERROR:crash_report_database_win.cc(469)] failed to stat report
[0603/015959.399:ERROR:crash_report_database_win.cc(469)] failed to stat report
[0603/015959.399:ERROR:crash_report_database_win.cc(469)] failed to stat report
[0603/015959.399:ERROR:crash_report_database_win.cc(469)] failed to stat report
[0603/015959.400:ERROR:crash_report_database_win.cc(469)] failed to stat report
[0603/015959.400:ERROR:crash_report_database_win.cc(469)] failed to stat report
[0603/015959.400:ERROR:crash_report_database_win.cc(469)] failed to stat report
[0603/015959.401:ERROR:crash_report_database_win.cc(469)] failed to stat report
[0603/015959.401:ERROR:crash_report_database_win.cc(469)] failed to stat report
[0603/162943.144:ERROR:crash_report_database_win.cc(469)] failed to stat report
[0603/162943.145:ERROR:crash_report_database_win.cc(469)] failed to stat report
[0603/162943.145:ERROR:crash_report_database_win.cc(469)] failed to stat report
[0603/162943.146:ERROR:crash_report_database_win.cc(469)] failed to stat report
[0603/162943.146:ERROR:crash_report_database_win.cc(469)] failed to stat report
[0603/162943.146:ERROR:crash_report_database_win.cc(469)] failed to stat report
[0603/162943.146:ERROR:crash_report_database_win.cc(469)] failed to stat report
[0603/162943.146:ERROR:crash_report_database_win.cc(469)] failed to stat report
[0603/162943.147:ERROR:crash_report_database_win.cc(469)] failed to stat report
[0603/162943.147:ERROR:crash_report_database_win.cc(469)] failed to stat report
[0603/162943.147:ERROR:crash_report_database_win.cc(469)] failed to stat report
[0603/162943.147:ERROR:crash_report_database_win.cc(469)] failed to stat report
[0604/152012.223:ERROR:crash_report_database_win.cc(469)] failed to stat report
[0604/152012.264:ERROR:crash_report_database_win.cc(469)] failed to stat report
[0604/152012.264:ERROR:crash_report_database_win.cc(469)] failed to stat report
[0604/152012.265:ERROR:crash_report_database_win.cc(469)] failed to stat report
[0604/152012.265:ERROR:crash_report_database_win.cc(469)] failed to stat report
[0604/152012.265:ERROR:crash_report_database_win.cc(469)] failed to stat report
[0604/152012.265:ERROR:crash_report_database_win.cc(469)] failed to stat report
[0604/152012.265:ERROR:crash_report_database_win.cc(469)] failed to stat report
[0604/152012.266:ERROR:crash_report_database_win.cc(469)] failed to stat report
[0604/152012.266:ERROR:crash_report_database_win.cc(469)] failed to stat report
[0604/152012.266:ERROR:crash_report_database_win.cc(469)] failed to stat report
[0604/152012.266:ERROR:crash_report_database_win.cc(469)] failed to stat report
[0610/030730.197:ERROR:crash_report_database_win.cc(469)] failed to stat report
[0610/030730.272:ERROR:crash_report_database_win.cc(469)] failed to stat report
[0610/030730.272:ERROR:crash_report_database_win.cc(469)] failed to stat report
[0610/030730.272:ERROR:crash_report_database_win.cc(469)] failed to stat report
[0610/030730.272:ERROR:crash_report_database_win.cc(469)] failed to stat report
[0610/030730.272:ERROR:crash_report_database_win.cc(469)] failed to stat report
[0610/030730.277:ERROR:crash_report_database_win.cc(469)] failed to stat report
[0610/030730.277:ERROR:crash_report_database_win.cc(469)] failed to stat report
[0610/030730.277:ERROR:crash_report_database_win.cc(469)] failed to stat report
[0610/030730.277:ERROR:crash_report_database_win.cc(469)] failed to stat report
[0610/030730.277:ERROR:crash_report_database_win.cc(469)] failed to stat report
[0610/030730.277:ERROR:crash_report_database_win.cc(469)] failed to stat report
[0610/030730.277:ERROR:crash_report_database_win.cc(469)] failed to stat report
[0610/030730.277:ERROR:crash_report_database_win.cc(469)] failed to stat report
[0610/030730.277:ERROR:crash_report_database_win.cc(469)] failed to stat report
[0616/094539.624:ERROR:crash_report_database_win.cc(469)] failed to stat report
[0616/094539.653:ERROR:crash_report_database_win.cc(469)] failed to stat report
[0616/094539.654:ERROR:crash_report_database_win.cc(469)] failed to stat report
[0616/094539.654:ERROR:crash_report_database_win.cc(469)] failed to stat report
[0616/094539.654:ERROR:crash_report_database_win.cc(469)] failed to stat report
[0616/094539.654:ERROR:crash_report_database_win.cc(469)] failed to stat report
[0616/094539.655:ERROR:crash_report_database_win.cc(469)] failed to stat report
[0616/094539.655:ERROR:crash_report_database_win.cc(469)] failed to stat report
[0616/094539.655:ERROR:crash_report_database_win.cc(469)] failed to stat report
[0616/094539.656:ERROR:crash_report_database_win.cc(469)] failed to stat report
[0616/094539.656:ERROR:crash_report_database_win.cc(469)] failed to stat report
[0616/094539.656:ERROR:crash_report_database_win.cc(469)] failed to stat report
[0616/094539.657:ERROR:crash_report_database_win.cc(469)] failed to stat report
[0616/094539.657:ERROR:crash_report_database_win.cc(469)] failed to stat report
[0616/094539.658:ERROR:crash_report_database_win.cc(469)] failed to stat report
[0618/195809.517:ERROR:crash_report_database_win.cc(469)] failed to stat report
[0618/195809.654:ERROR:crash_report_database_win.cc(469)] failed to stat report
[0618/195809.655:ERROR:crash_report_database_win.cc(469)] failed to stat report
[0618/195809.655:ERROR:crash_report_database_win.cc(469)] failed to stat report
[0618/195809.656:ERROR:crash_report_database_win.cc(469)] failed to stat report
[0618/195809.656:ERROR:crash_report_database_win.cc(469)] failed to stat report
[0618/195809.656:ERROR:crash_report_database_win.cc(469)] failed to stat report
[0618/195809.657:ERROR:crash_report_database_win.cc(469)] failed to stat report
[0618/195809.657:ERROR:crash_report_database_win.cc(469)] failed to stat report
[0618/195809.657:ERROR:crash_report_database_win.cc(469)] failed to stat report
[0618/195809.658:ERROR:crash_report_database_win.cc(469)] failed to stat report
[0618/195809.658:ERROR:crash_report_database_win.cc(469)] failed to stat report
[0618/195809.658:ERROR:crash_report_database_win.cc(469)] failed to stat report
[0618/195809.659:ERROR:crash_report_database_win.cc(469)] failed to stat report
[0618/195809.659:ERROR:crash_report_database_win.cc(469)] failed to stat report
[0619/154117.237:ERROR:crash_report_database_win.cc(469)] failed to stat report
[0619/154117.416:ERROR:crash_report_database_win.cc(469)] failed to stat report
[0619/154117.418:ERROR:crash_report_database_win.cc(469)] failed to stat report
[0619/154117.419:ERROR:crash_report_database_win.cc(469)] failed to stat report
[0619/154117.421:ERROR:crash_report_database_win.cc(469)] failed to stat report
[0619/154117.422:ERROR:crash_report_database_win.cc(469)] failed to stat report
[0619/154117.424:ERROR:crash_report_database_win.cc(469)] failed to stat report
[0619/154117.425:ERROR:crash_report_database_win.cc(469)] failed to stat report
[0619/154117.427:ERROR:crash_report_database_win.cc(469)] failed to stat report
[0619/154117.428:ERROR:crash_report_database_win.cc(469)] failed to stat report
[0619/154117.430:ERROR:crash_report_database_win.cc(469)] failed to stat report
[0619/154117.431:ERROR:crash_report_database_win.cc(469)] failed to stat report
[0619/154117.432:ERROR:crash_report_database_win.cc(469)] failed to stat report
[0619/154117.435:ERROR:crash_report_database_win.cc(469)] failed to stat report
[0619/154117.436:ERROR:crash_report_database_win.cc(469)] failed to stat report
[0623/191831.937:ERROR:crash_report_database_win.cc(469)] failed to stat report
[0623/191831.984:ERROR:crash_report_database_win.cc(469)] failed to stat report
[0623/191831.984:ERROR:crash_report_database_win.cc(469)] failed to stat report
[0623/191831.984:ERROR:crash_report_database_win.cc(469)] failed to stat report
[0623/191831.984:ERROR:crash_report_database_win.cc(469)] failed to stat report
[0623/191831.984:ERROR:crash_report_database_win.cc(469)] failed to stat report
[0623/191831.984:ERROR:crash_report_database_win.cc(469)] failed to stat report
[0623/191831.984:ERROR:crash_report_database_win.cc(469)] failed to stat report
[0623/191831.984:ERROR:crash_report_database_win.cc(469)] failed to stat report
[0623/191831.984:ERROR:crash_report_database_win.cc(469)] failed to stat report
[0623/191831.984:ERROR:crash_report_database_win.cc(469)] failed to stat report
[0623/191831.984:ERROR:crash_report_database_win.cc(469)] failed to stat report
[0623/191831.984:ERROR:crash_report_database_win.cc(469)] failed to stat report
[0623/191831.984:ERROR:crash_report_database_win.cc(469)] failed to stat report
[0623/191832.000:ERROR:crash_report_database_win.cc(469)] failed to stat report
[0624/190007.474:ERROR:crash_report_database_win.cc(469)] failed to stat report
[0624/190007.505:ERROR:crash_report_database_win.cc(469)] failed to stat report
[0624/190007.505:ERROR:crash_report_database_win.cc(469)] failed to stat report
[0624/190007.505:ERROR:crash_report_database_win.cc(469)] failed to stat report
[0624/190007.505:ERROR:crash_report_database_win.cc(469)] failed to stat report
[0624/190007.505:ERROR:crash_report_database_win.cc(469)] failed to stat report
[0624/190007.505:ERROR:crash_report_database_win.cc(469)] failed to stat report
[0624/190007.505:ERROR:crash_report_database_win.cc(469)] failed to stat report
[0624/190007.505:ERROR:crash_report_database_win.cc(469)] failed to stat report
[0624/190007.505:ERROR:crash_report_database_win.cc(469)] failed to stat report
[0624/190007.505:ERROR:crash_report_database_win.cc(469)] failed to stat report
[0624/190007.505:ERROR:crash_report_database_win.cc(469)] failed to stat report
[0624/190007.505:ERROR:crash_report_database_win.cc(469)] failed to stat report
[0624/190007.505:ERROR:crash_report_database_win.cc(469)] failed to stat report
[0624/190007.505:ERROR:crash_report_database_win.cc(469)] failed to stat report
[0624/192708.692:ERROR:crash_report_database_win.cc(469)] failed to stat report
[0624/192708.730:ERROR:crash_report_database_win.cc(469)] failed to stat report
[0624/192708.730:ERROR:crash_report_database_win.cc(469)] failed to stat report
[0624/192708.730:ERROR:crash_report_database_win.cc(469)] failed to stat report
[0624/192708.730:ERROR:crash_report_database_win.cc(469)] failed to stat report
[0624/192708.730:ERROR:crash_report_database_win.cc(469)] failed to stat report
[0624/192708.730:ERROR:crash_report_database_win.cc(469)] failed to stat report
[0624/192708.730:ERROR:crash_report_database_win.cc(469)] failed to stat report
[0624/192708.730:ERROR:crash_report_database_win.cc(469)] failed to stat report
[0624/192708.730:ERROR:crash_report_database_win.cc(469)] failed to stat report
[0624/192708.730:ERROR:crash_report_database_win.cc(469)] failed to stat report
[0624/192708.730:ERROR:crash_report_database_win.cc(469)] failed to stat report
[0624/192708.730:ERROR:crash_report_database_win.cc(469)] failed to stat report
[0624/192708.730:ERROR:crash_report_database_win.cc(469)] failed to stat report
[0624/192708.730:ERROR:crash_report_database_win.cc(469)] failed to stat report
[0628/233631.495:ERROR:crash_report_database_win.cc(469)] failed to stat report
[0628/233631.528:ERROR:crash_report_database_win.cc(469)] failed to stat report
[0628/233631.528:ERROR:crash_report_database_win.cc(469)] failed to stat report
[0628/233631.529:ERROR:crash_report_database_win.cc(469)] failed to stat report
[0628/233631.529:ERROR:crash_report_database_win.cc(469)] failed to stat report
[0628/233631.530:ERROR:crash_report_database_win.cc(469)] failed to stat report
[0628/233631.530:ERROR:crash_report_database_win.cc(469)] failed to stat report
[0628/233631.531:ERROR:crash_report_database_win.cc(469)] failed to stat report
[0628/233631.531:ERROR:crash_report_database_win.cc(469)] failed to stat report
[0628/233631.532:ERROR:crash_report_database_win.cc(469)] failed to stat report
[0628/233631.532:ERROR:crash_report_database_win.cc(469)] failed to stat report
[0628/233631.533:ERROR:crash_report_database_win.cc(469)] failed to stat report
[0628/233631.533:ERROR:crash_report_database_win.cc(469)] failed to stat report
[0628/233631.533:ERROR:crash_report_database_win.cc(469)] failed to stat report
[0628/233631.534:ERROR:crash_report_database_win.cc(469)] failed to stat report
[0705/110057.900:ERROR:crash_report_database_win.cc(469)] failed to stat report
[0705/110058.010:ERROR:crash_report_database_win.cc(469)] failed to stat report
[0705/110058.010:ERROR:crash_report_database_win.cc(469)] failed to stat report
[0705/110058.010:ERROR:crash_report_database_win.cc(469)] failed to stat report
[0705/110058.010:ERROR:crash_report_database_win.cc(469)] failed to stat report
[0705/110058.010:ERROR:crash_report_database_win.cc(469)] failed to stat report
[0705/110058.010:ERROR:crash_report_database_win.cc(469)] failed to stat report
[0705/110058.015:ERROR:crash_report_database_win.cc(469)] failed to stat report
[0705/110058.015:ERROR:crash_report_database_win.cc(469)] failed to stat report
[0705/110058.015:ERROR:crash_report_database_win.cc(469)] failed to stat report
[0705/110058.015:ERROR:crash_report_database_win.cc(469)] failed to stat report
[0705/110058.015:ERROR:crash_report_database_win.cc(469)] failed to stat report
[0705/110058.015:ERROR:crash_report_database_win.cc(469)] failed to stat report
[0705/110058.015:ERROR:crash_report_database_win.cc(469)] failed to stat report
[0705/110058.015:ERROR:crash_report_database_win.cc(469)] failed to stat report
[0705/110700.530:ERROR:crash_report_database_win.cc(469)] failed to stat report
[0705/110700.530:ERROR:crash_report_database_win.cc(469)] failed to stat report
[0705/110700.530:ERROR:crash_report_database_win.cc(469)] failed to stat report
[0705/110700.530:ERROR:crash_report_database_win.cc(469)] failed to stat report
[0705/110700.530:ERROR:crash_report_database_win.cc(469)] failed to stat report
[0705/110700.530:ERROR:crash_report_database_win.cc(469)] failed to stat report
[0705/110700.535:ERROR:crash_report_database_win.cc(469)] failed to stat report
[0705/110700.535:ERROR:crash_report_database_win.cc(469)] failed to stat report
[0705/110700.535:ERROR:crash_report_database_win.cc(469)] failed to stat report
[0705/110700.535:ERROR:crash_report_database_win.cc(469)] failed to stat report
[0705/110700.535:ERROR:crash_report_database_win.cc(469)] failed to stat report
[0705/110700.535:ERROR:crash_report_database_win.cc(469)] failed to stat report
[0705/110700.535:ERROR:crash_report_database_win.cc(469)] failed to stat report
[0705/110700.535:ERROR:crash_report_database_win.cc(469)] failed to stat report
[0705/110700.535:ERROR:crash_report_database_win.cc(469)] failed to stat report
[0709/044605.797:ERROR:crash_report_database_win.cc(469)] failed to stat report
[0709/044605.831:ERROR:crash_report_database_win.cc(469)] failed to stat report
[0709/044605.831:ERROR:crash_report_database_win.cc(469)] failed to stat report
[0709/044605.832:ERROR:crash_report_database_win.cc(469)] failed to stat report
[0709/044605.832:ERROR:crash_report_database_win.cc(469)] failed to stat report
[0709/044605.833:ERROR:crash_report_database_win.cc(469)] failed to stat report
[0709/044605.833:ERROR:crash_report_database_win.cc(469)] failed to stat report
[0709/044605.834:ERROR:crash_report_database_win.cc(469)] failed to stat report
[0709/044605.834:ERROR:crash_report_database_win.cc(469)] failed to stat report
[0709/044605.834:ERROR:crash_report_database_win.cc(469)] failed to stat report
[0709/044605.835:ERROR:crash_report_database_win.cc(469)] failed to stat report
[0709/044605.835:ERROR:crash_report_database_win.cc(469)] failed to stat report
[0709/044605.836:ERROR:crash_report_database_win.cc(469)] failed to stat report
[0709/044605.836:ERROR:crash_report_database_win.cc(469)] failed to stat report
[0709/044605.837:ERROR:crash_report_database_win.cc(469)] failed to stat report
